TN:
SF:analyzeArray.js
FN:1,sum
FN:10,average
FN:14,min
FN:25,max
FN:35,isNotValid
FN:44,analyzeArray
FNF:6
FNH:6
FNDA:1,sum
FNDA:1,average
FNDA:1,min
FNDA:1,max
FNDA:3,isNotValid
FNDA:3,analyzeArray
DA:1,1
DA:2,1
DA:3,1
DA:4,5
DA:5,5
DA:6,1
DA:7,1
DA:8,1
DA:9,1
DA:10,1
DA:11,1
DA:12,1
DA:13,1
DA:14,1
DA:15,1
DA:16,1
DA:17,4
DA:18,4
DA:19,0
DA:20,0
DA:21,4
DA:22,1
DA:23,1
DA:24,1
DA:25,1
DA:26,1
DA:27,1
DA:28,4
DA:29,4
DA:30,4
DA:31,4
DA:32,1
DA:33,1
DA:34,1
DA:35,3
DA:36,3
DA:37,11
DA:38,2
DA:39,2
DA:40,11
DA:41,1
DA:42,1
DA:43,1
DA:44,3
DA:45,3
DA:46,2
DA:47,3
DA:48,1
DA:49,1
DA:50,1
DA:51,1
DA:52,1
DA:53,1
DA:54,1
DA:55,1
DA:56,3
DA:57,1
DA:58,1
LF:58
LH:56
BRDA:1,0,0,1
BRDA:3,1,0,5
BRDA:10,2,0,1
BRDA:14,3,0,1
BRDA:16,4,0,4
BRDA:18,5,0,0
BRDA:25,6,0,1
BRDA:27,7,0,4
BRDA:35,8,0,3
BRDA:36,9,0,11
BRDA:37,10,0,2
BRDA:40,11,0,1
BRDA:44,12,0,3
BRDA:45,13,0,2
BRDA:47,14,0,1
BRF:15
BRH:14
end_of_record
